<?xml version="1.0" encoding="UTF-8"?>
<!-- Generated by org.testng.reporters.JUnitReportReporter -->
<testsuite skipped="0" hostname="TAMEEM-SAIEED" name="com.project1.testCases.AddCustomerTest" tests="3" failures="0" timestamp="05 Apr 2019 13:51:35 GMT" time="43.928" errors="0">
  <testcase name="addCustomerTest" time="15.153" classname="com.project1.testCases.AddCustomerTest"/>
  <testcase name="addCustomerTest" time="14.376" classname="com.project1.testCases.AddCustomerTest"/>
  <testcase name="addCustomerTest" time="14.399" classname="com.project1.testCases.AddCustomerTest"/>
</testsuite> <!-- com.project1.testCases.AddCustomerTest -->
