<?xml version="1.0" encoding="UTF-8"?>
<!-- Generated by org.testng.reporters.JUnitReportReporter -->
<testsuite skipped="0" hostname="TAMEEM-SAIEED" name="com.project1.testCases.BankManagerLoginTest" tests="1" failures="0" timestamp="05 Apr 2019 13:51:35 GMT" time="6.571" errors="0">
  <testcase name="loginAsBankManager" time="6.571" classname="com.project1.testCases.BankManagerLoginTest"/>
</testsuite> <!-- com.project1.testCases.BankManagerLoginTest -->
