<?xml version="1.0" encoding="UTF-8"?>
<!-- Generated by org.testng.reporters.JUnitReportReporter -->
<testsuite skipped="0" hostname="TAMEEM-SAIEED" name="com.project1.testCases.OpenAccountTest" tests="3" failures="0" timestamp="05 Apr 2019 13:51:35 GMT" time="10.390" errors="0">
  <testcase name="openAccountTest" time="3.366" classname="com.project1.testCases.OpenAccountTest"/>
  <testcase name="openAccountTest" time="3.652" classname="com.project1.testCases.OpenAccountTest"/>
  <testcase name="openAccountTest" time="3.372" classname="com.project1.testCases.OpenAccountTest"/>
</testsuite> <!-- com.project1.testCases.OpenAccountTest -->
