<?xml version="1.0" encoding="UTF-8"?>
<!-- Generated by org.testng.reporters.JUnitReportReporter -->
<testsuite skipped="0" hostname="TAMEEM-SAIEED" name="com.project1.testCases.LoginTest" tests="1" failures="0" timestamp="29 Mar 2019 16:17:13 GMT" time="5.819" errors="0">
  <testcase name="loginAsBankManager" time="5.819" classname="com.project1.testCases.LoginTest"/>
</testsuite> <!-- com.project1.testCases.LoginTest -->
